#-----------------------------------------------------------
# Vivado v2018.1 (64-bit)
# SW Build 2188600 on Wed Apr  4 18:40:38 MDT 2018
# IP Build 2185939 on Wed Apr  4 20:55:05 MDT 2018
# Start of session at: Wed Apr 17 18:20:38 2019
# Process ID: 4756
# Current directory: C:/Users/Administrator/Desktop/a/project_1
# Command line: vivado.exe -gui_launcher_event rodinguilauncherevent9452 C:\Users\Administrator\Desktop\a\project_1\project_1.xpr
# Log file: C:/Users/Administrator/Desktop/a/project_1/vivado.log
# Journal file: C:/Users/Administrator/Desktop/a/project_1\vivado.jou
#-----------------------------------------------------------
start_gui
open_project C:/Users/Administrator/Desktop/a/project_1/project_1.xpr
INFO: [Project 1-313] Project file moved from 'C:/Users/admin/Desktop/project_1' since last save.
CRITICAL WARNING: [Project 1-311] Could not find the file 'C:/Users/Administrator/Desktop/a/test.coe', nor could it be found using path 'C:/Users/admin/Desktop/test.coe'.
Scanning sources...
Finished scanning sources
INFO: [IP_Flow 19-234] Refreshing IP repositories
INFO: [IP_Flow 19-1704] No user IP repositories specified
INFO: [IP_Flow 19-2313] Loaded Vivado IP repository 'C:/Xilinx/Vivado/2018.1/data/ip'.
exit
INFO: [Common 17-206] Exiting Vivadreset_run synth_1
launch_runs synth_1 -jobs 6
INFO: [IP_Flow 19-1686] Generating 'Synthesis' target for IP 'InstrROM'...
ERROR: [Ipptcl 7-519] NULL COE Data pointer: Unable to open the file 
ERROR: [Common 17-39] 'ipgui::get_coe_val' failed due to earlier errors.
CRITICAL WARNING: [IP_Flow 19-1747] Failed to deliver file 'c:/Xilinx/Vivado/2018.1/data/ip/xilinx/dist_mem_gen_v8_0/hdl/mem_init_file.xit': ERROR: [Common 17-39] 'ipgui::get_coe_val' failed due to earlier errors.

ERROR: [IP_Flow 19-167] Failed to deliver one or more file(s).
ERROR: [IP_Flow 19-3505] IP Generation error: Failed to generate IP 'InstrROM'. Failed to generate 'Vivado VHDL Synthesis' outputs: 
ERROR: [IP_Flow 19-98] Generation of the IP CORE failed.
Failed to generate IP 'InstrROM'. Failed to generate 'Vivado VHDL Synthesis' outputs: 
launch_runs synth_1 -jobs 8
INFO: [IP_Flow 19-1686] Generating 'Synthesis' target for IP 'InstrROM'...
ERROR: [Ipptcl 7-519] NULL COE Data pointer: Unable to open the file 
ERROR: [Common 17-39] 'ipgui::get_coe_val' failed due to earlier errors.
CRITICAL WARNING: [IP_Flow 19-1747] Failed to deliver file 'c:/Xilinx/Vivado/2018.1/data/ip/xilinx/dist_mem_gen_v8_0/hdl/mem_init_file.xit': ERROR: [Common 17-39] 'ipgui::get_coe_val' failed due to earlier errors.

ERROR: [IP_Flow 19-167] Failed to deliver one or more file(s).
ERROR: [IP_Flow 19-3505] IP Generation error: Failed to generate IP 'InstrROM'. Failed to generate 'Vivado VHDL Synthesis' outputs: 
ERROR: [IP_Flow 19-98] Generation of the IP CORE failed.
Failed to generate IP 'InstrROM'. Failed to generate 'Vivado VHDL Synthesis' outputs: 
launch_runs synth_1 -jobs 8
INFO: [IP_Flow 19-1686] Generating 'Synthesis' target for IP 'InstrROM'...
ERROR: [Ipptcl 7-519] NULL COE Data pointer: Unable to open the file 
ERROR: [Common 17-39] 'ipgui::get_coe_val' failed due to earlier errors.
CRITICAL WARNING: [IP_Flow 19-1747] Failed to deliver file 'c:/Xilinx/Vivado/2018.1/data/ip/xilinx/dist_mem_gen_v8_0/hdl/mem_init_file.xit': ERROR: [Common 17-39] 'ipgui::get_coe_val' failed due to earlier errors.

ERROR: [IP_Flow 19-167] Failed to deliver one or more file(s).
ERROR: [IP_Flow 19-3505] IP Generation error: Failed to generate IP 'InstrROM'. Failed to generate 'Vivado VHDL Synthesis' outputs: 
ERROR: [IP_Flow 19-98] Generation of the IP CORE failed.
Failed to generate IP 'InstrROM'. Failed to generate 'Vivado VHDL Synthesis' outputs: 
launch_runs synth_1 -jobs 4
INFO: [IP_Flow 19-1686] Generating 'Synthesis' target for IP 'InstrROM'...
ERROR: [Ipptcl 7-519] NULL COE Data pointer: Unable to open the file 
ERROR: [Common 17-39] 'ipgui::get_coe_val' failed due to earlier errors.
CRITICAL WARNING: [IP_Flow 19-1747] Failed to deliver file 'c:/Xilinx/Vivado/2018.1/data/ip/xilinx/dist_mem_gen_v8_0/hdl/mem_init_file.xit': ERROR: [Common 17-39] 'ipgui::get_coe_val' failed due to earlier errors.

ERROR: [IP_Flow 19-167] Failed to deliver one or more file(s).
ERROR: [IP_Flow 19-3505] IP Generation error: Failed to generate IP 'InstrROM'. Failed to generate 'Vivado VHDL Synthesis' outputs: 
ERROR: [IP_Flow 19-98] Generation of the IP CORE failed.
Failed to generate IP 'InstrROM'. Failed to generate 'Vivado VHDL Synthesis' outputs: 
exit
INFO: [Common 17-206] Exiting Vivado at Wed Apr 17 18:22:03 2019...
