Copyright 1986-2018 Xilinx, Inc. All Rights Reserved.
--------------------------------------------------------------------------------------------------
| Tool Version : Vivado v.2018.1 (win64) Build 2188600 Wed Apr  4 18:40:38 MDT 2018
| Date         : Tue Jun 18 14:02:24 2019
| Host         : DESKTOP-6E4H686 running 64-bit major release  (build 9200)
| Command      : report_control_sets -verbose -file ShiyanPingtai_wrapper_control_sets_placed.rpt
| Design       : ShiyanPingtai_wrapper
| Device       : xc7a100t
--------------------------------------------------------------------------------------------------

Control Set Information

Table of Contents
-----------------
1. Summary
2. Histogram
3. Flip-Flop Distribution
4. Detailed Control Set Information

1. Summary
----------

+----------------------------------------------------------+-------+
|                          Status                          | Count |
+----------------------------------------------------------+-------+
| Number of unique control sets                            |    73 |
| Unused register locations in slices containing registers |   194 |
+----------------------------------------------------------+-------+


2. Histogram
------------

+--------+--------------+
| Fanout | Control Sets |
+--------+--------------+
|      1 |            8 |
|      2 |            2 |
|      3 |            1 |
|      4 |            7 |
|      5 |            1 |
|      6 |            6 |
|      7 |            1 |
|      8 |           14 |
|     10 |            2 |
|     11 |            1 |
|    16+ |           30 |
+--------+--------------+


3. Flip-Flop Distribution
-------------------------

+--------------+-----------------------+------------------------+-----------------+--------------+
| Clock Enable | Synchronous Set/Reset | Asynchronous Set/Reset | Total Registers | Total Slices |
+--------------+-----------------------+------------------------+-----------------+--------------+
| No           | No                    | No                     |             307 |          106 |
| No           | No                    | Yes                    |              29 |            8 |
| No           | Yes                   | No                     |             356 |          149 |
| Yes          | No                    | No                     |             239 |           78 |
| Yes          | No                    | Yes                    |              15 |            8 |
| Yes          | Yes                   | No                     |             684 |          238 |
+--------------+-----------------------+------------------------+-----------------+--------------+


4. Detailed Control Set Information
-----------------------------------

+------------------------------------------------------------------+-----------------------------------------------------------------------------------------------------------------------------------------------------------------------------------------------------------------+------------------------------------------------------------------------------------------------------------------------------------------------------------+------------------+----------------+
|                           Clock Signal                           |                                                                                                  Enable Signal                                                                                                  |                                                                      Set/Reset Signal                                                                      | Slice Load Count | Bel Load Count |
+------------------------------------------------------------------+-----------------------------------------------------------------------------------------------------------------------------------------------------------------------------------------------------------------+------------------------------------------------------------------------------------------------------------------------------------------------------------+------------------+----------------+
|  ShiyanPingtai_i/clk_wiz_1/inst/clk_out1                         |                                                                                                                                                                                                                 | ShiyanPingtai_i/microblaze_0/U0/MicroBlaze_Core_I/Performance.Core/Use_Debug_Logic.Master_Core.Debug_Perf/capture_1                                        |                1 |              1 |
| ~ShiyanPingtai_i/mdm_1/U0/No_Dbg_Reg_Access.BUFG_DRCK/Dbg_Clk_31 | ShiyanPingtai_i/mdm_1/U0/MDM_Core_I1/JTAG_CONTROL_I/Use_BSCAN.FDC_I/CE                                                                                                                                          | ShiyanPingtai_i/mdm_1/U0/MDM_Core_I1/JTAG_CONTROL_I/Use_BSCAN.FDC_I/D_1                                                                                    |                1 |              1 |
|  ShiyanPingtai_i/mdm_1/U0/No_Dbg_Reg_Access.BUFG_DRCK/Dbg_Clk_31 | ShiyanPingtai_i/mdm_1/U0/Use_E2.BSCAN_I/Dbg_Capture_0                                                                                                                                                           | ShiyanPingtai_i/mdm_1/U0/MDM_Core_I1/JTAG_CONTROL_I/sel_reset                                                                                              |                1 |              1 |
|  ShiyanPingtai_i/mdm_1/U0/Use_E2.BSCAN_I/Ext_JTAG_UPDATE         | ShiyanPingtai_i/microblaze_0/U0/MicroBlaze_Core_I/Performance.Core/Use_Debug_Logic.Master_Core.Debug_Perf/Control_Reg_En                                                                                        | ShiyanPingtai_i/microblaze_0/U0/MicroBlaze_Core_I/Performance.Core/Use_Debug_Logic.Master_Core.Debug_Perf/Performance_Debug_Control.force_stop_cmd_1_reg_0 |                1 |              1 |
|  ShiyanPingtai_i/mdm_1/U0/Use_E2.BSCAN_I/Ext_JTAG_UPDATE         | ShiyanPingtai_i/microblaze_0/U0/MicroBlaze_Core_I/Performance.Core/Use_Debug_Logic.Master_Core.Debug_Perf/Control_Reg_En                                                                                        | ShiyanPingtai_i/microblaze_0/U0/MicroBlaze_Core_I/Performance.Core/Use_Debug_Logic.Master_Core.Debug_Perf/Serial_Dbg_Intf.normal_stop_cmd_i_reg_n_0        |                1 |              1 |
|  ShiyanPingtai_i/mdm_1/U0/Use_E2.BSCAN_I/Ext_JTAG_UPDATE         | ShiyanPingtai_i/microblaze_0/U0/MicroBlaze_Core_I/Performance.Core/Use_Debug_Logic.Master_Core.Debug_Perf/Control_Reg_En                                                                                        | ShiyanPingtai_i/microblaze_0/U0/MicroBlaze_Core_I/Performance.Core/Use_Debug_Logic.Master_Core.Debug_Perf/Serial_Dbg_Intf.continue_from_brk_reg_n_0        |                1 |              1 |
|  ShiyanPingtai_i/mdm_1/U0/Use_E2.BSCAN_I/Ext_JTAG_UPDATE         | ShiyanPingtai_i/microblaze_0/U0/MicroBlaze_Core_I/Performance.Core/Use_Debug_Logic.Master_Core.Debug_Perf/Control_Reg_En                                                                                        | ShiyanPingtai_i/microblaze_0/U0/MicroBlaze_Core_I/Performance.Core/Use_Debug_Logic.Master_Core.Debug_Perf/start_single_step_reg_n_0                        |                1 |              1 |
| ~ShiyanPingtai_i/mdm_1/U0/Use_E2.BSCAN_I/Ext_JTAG_UPDATE         |                                                                                                                                                                                                                 | ShiyanPingtai_i/mdm_1/U0/MDM_Core_I1/JTAG_CONTROL_I/sel_n                                                                                                  |                1 |              1 |
|  ShiyanPingtai_i/clk_wiz_1/inst/clk_out1                         | ShiyanPingtai_i/microblaze_0/U0/MicroBlaze_Core_I/Performance.Core/Decode_I/Use_MuxCy[10].OF_Piperun_Stage/MUXCY_I/lopt_1                                                                                       |                                                                                                                                                            |                1 |              2 |
|  ShiyanPingtai_i/mdm_1/U0/Use_E2.BSCAN_I/Ext_JTAG_UPDATE         | ShiyanPingtai_i/microblaze_0/U0/MicroBlaze_Core_I/Performance.Core/Use_Debug_Logic.Master_Core.Debug_Perf/Command_Reg_En                                                                                        | ShiyanPingtai_i/microblaze_0/U0/MicroBlaze_Core_I/Performance.Core/Use_Debug_Logic.Master_Core.Debug_Perf/command_reg_clear                                |                1 |              2 |
|  ShiyanPingtai_i/mdm_1/U0/Use_E2.BSCAN_I/Ext_JTAG_UPDATE         |                                                                                                                                                                                                                 |                                                                                                                                                            |                2 |              3 |
|  ShiyanPingtai_i/mdm_1/U0/Use_E2.BSCAN_I/Ext_JTAG_UPDATE         | ShiyanPingtai_i/mdm_1/U0/MDM_Core_I1/MDM_SEL                                                                                                                                                                    | ShiyanPingtai_i/mdm_1/U0/Use_E2.BSCAN_I/AR[0]                                                                                                              |                1 |              4 |
|  ShiyanPingtai_i/clk_wiz_1/inst/clk_out1                         |                                                                                                                                                                                                                 | ShiyanPingtai_i/axi_gpio_0/U0/AXI_LITE_IPIF_I/I_SLAVE_ATTACHMENT/clear                                                                                     |                1 |              4 |
|  ShiyanPingtai_i/clk_wiz_1/inst/clk_out1                         | ShiyanPingtai_i/axi_uartlite_0/U0/AXI_LITE_IPIF_I/I_SLAVE_ATTACHMENT/start2                                                                                                                                     | ShiyanPingtai_i/axi_uartlite_0/U0/AXI_LITE_IPIF_I/I_SLAVE_ATTACHMENT/I_DECODER/cs_ce_clr                                                                   |                1 |              4 |
|  ShiyanPingtai_i/clk_wiz_1/inst/clk_out1                         | ShiyanPingtai_i/axi_uartlite_0/U0/UARTLITE_CORE_I/BAUD_RATE_I/en_16x_Baud                                                                                                                                       |                                                                                                                                                            |                4 |              4 |
|  ShiyanPingtai_i/mdm_1/U0/No_Dbg_Reg_Access.BUFG_DRCK/Dbg_Clk_31 | ShiyanPingtai_i/mdm_1/U0/MDM_Core_I1/p_0_out                                                                                                                                                                    | ShiyanPingtai_i/mdm_1/U0/Use_E2.BSCAN_I/AR[0]                                                                                                              |                1 |              4 |
|  ShiyanPingtai_i/mdm_1/U0/Use_E2.BSCAN_I/Ext_JTAG_UPDATE         | ShiyanPingtai_i/microblaze_0/U0/MicroBlaze_Core_I/Performance.Core/Use_Debug_Logic.Master_Core.Debug_Perf/Control_Reg_En                                                                                        |                                                                                                                                                            |                3 |              4 |
| ~ShiyanPingtai_i/mdm_1/U0/Use_E2.BSCAN_I/Ext_JTAG_UPDATE         |                                                                                                                                                                                                                 | ShiyanPingtai_i/mdm_1/U0/Use_E2.BSCAN_I/AR[0]                                                                                                              |                1 |              4 |
|  ShiyanPingtai_i/clk_wiz_1/inst/clk_out1                         |                                                                                                                                                                                                                 | ShiyanPingtai_i/rst_clk_wiz_1_100M/U0/EXT_LPF/lpf_int                                                                                                      |                3 |              5 |
|  ShiyanPingtai_i/mdm_1/U0/No_Dbg_Reg_Access.BUFG_DRCK/Dbg_Clk_31 | ShiyanPingtai_i/mdm_1/U0/MDM_Core_I1/JTAG_CONTROL_I/Use_BSCAN.FDC_I/Use_Serial_Unified_Completion.sample_1_reg[10][0]                                                                                           |                                                                                                                                                            |                1 |              6 |
|  ShiyanPingtai_i/clk_wiz_1/inst/clk_out1                         |                                                                                                                                                                                                                 | ShiyanPingtai_i/axi_uartlite_0/U0/UARTLITE_CORE_I/UARTLITE_RX_I/SRL_FIFO_I/I_SRL_FIFO_RBU_F/CNTR_INCR_DECR_ADDN_F_I/SS[0]                                  |                2 |              6 |
|  ShiyanPingtai_i/clk_wiz_1/inst/clk_out1                         |                                                                                                                                                                                                                 | ShiyanPingtai_i/axi_uartlite_0/U0/UARTLITE_CORE_I/UARTLITE_TX_I/SRL_FIFO_I/I_SRL_FIFO_RBU_F/CNTR_INCR_DECR_ADDN_F_I/SS[0]                                  |                3 |              6 |
|  ShiyanPingtai_i/mdm_1/U0/No_Dbg_Reg_Access.BUFG_DRCK/Dbg_Clk_31 | ShiyanPingtai_i/mdm_1/U0/Use_E2.BSCAN_I/E[0]                                                                                                                                                                    |                                                                                                                                                            |                2 |              6 |
|  ShiyanPingtai_i/mdm_1/U0/No_Dbg_Reg_Access.BUFG_DRCK/Dbg_Clk_31 | ShiyanPingtai_i/mdm_1/U0/Use_E2.BSCAN_I/Use_Serial_Unified_Completion.count_reg[5]_0[0]                                                                                                                         |                                                                                                                                                            |                2 |              6 |
|  ShiyanPingtai_i/clk_wiz_1/inst/clk_out1                         | ShiyanPingtai_i/rst_clk_wiz_1_100M/U0/SEQ/seq_cnt_en                                                                                                                                                            | ShiyanPingtai_i/rst_clk_wiz_1_100M/U0/SEQ/SEQ_COUNTER/clear                                                                                                |                1 |              6 |
|  ShiyanPingtai_i/clk_wiz_1/inst/clk_out1                         | ShiyanPingtai_i/axi_uartlite_0/U0/UARTLITE_CORE_I/BAUD_RATE_I/en_16x_Baud                                                                                                                                       | ShiyanPingtai_i/axi_uartlite_0/U0/UARTLITE_CORE_I/UARTLITE_RX_I/SERIAL_TO_PARALLEL[8].fifo_din[8]_i_1_n_0                                                  |                2 |              7 |
|  ShiyanPingtai_i/mdm_1/U0/No_Dbg_Reg_Access.BUFG_DRCK/Dbg_Clk_31 | ShiyanPingtai_i/mdm_1/U0/MDM_Core_I1/JTAG_CONTROL_I/tdi_shifter0                                                                                                                                                |                                                                                                                                                            |                2 |              8 |
|  ShiyanPingtai_i/clk_wiz_1/inst/clk_out1                         | ShiyanPingtai_i/microblaze_0/U0/MicroBlaze_Core_I/Performance.Core/Decode_I/wb_Halted                                                                                                                           | ShiyanPingtai_i/microblaze_0/U0/MicroBlaze_Core_I/sync_reset                                                                                               |                3 |              8 |
|  ShiyanPingtai_i/mdm_1/U0/No_Dbg_Reg_Access.BUFG_DRCK/Dbg_Clk_31 | ShiyanPingtai_i/microblaze_0/U0/MicroBlaze_Core_I/Performance.Core/Use_Debug_Logic.Master_Core.Debug_Perf/Using_PC_Breakpoints.All_PC_Brks[1].Serial_Interface_1.address_hit_I/Compare[0].SRLC16E_I/which_pc[0] |                                                                                                                                                            |                7 |              8 |
|  ShiyanPingtai_i/mdm_1/U0/No_Dbg_Reg_Access.BUFG_DRCK/Dbg_Clk_31 | ShiyanPingtai_i/microblaze_0/U0/MicroBlaze_Core_I/Performance.Core/Use_Debug_Logic.Master_Core.Debug_Perf/Using_PC_Breakpoints.All_PC_Brks[2].Serial_Interface_1.address_hit_I/Compare[0].SRLC16E_I/which_pc[0] |                                                                                                                                                            |                7 |              8 |
|  ShiyanPingtai_i/mdm_1/U0/Use_E2.BSCAN_I/Ext_JTAG_UPDATE         | ShiyanPingtai_i/mdm_1/U0/MDM_Core_I1/JTAG_CONTROL_I/Use_BSCAN.FDC_I/command_1_reg[7]_0[0]                                                                                                                       |                                                                                                                                                            |                1 |              8 |
|  ShiyanPingtai_i/mdm_1/U0/No_Dbg_Reg_Access.BUFG_DRCK/Dbg_Clk_31 | ShiyanPingtai_i/microblaze_0/U0/MicroBlaze_Core_I/Performance.Core/Use_Debug_Logic.Master_Core.Debug_Perf/Using_PC_Breakpoints.All_PC_Brks[0].Serial_Interface_1.address_hit_I/Compare[0].SRLC16E_I/which_pc[0] |                                                                                                                                                            |                7 |              8 |
|  ShiyanPingtai_i/clk_wiz_1/inst/clk_out1                         | ShiyanPingtai_i/axi_uartlite_0/U0/AXI_LITE_IPIF_I/I_SLAVE_ATTACHMENT/I_DECODER/fifo_wr                                                                                                                          |                                                                                                                                                            |                1 |              8 |
|  ShiyanPingtai_i/mdm_1/U0/No_Dbg_Reg_Access.BUFG_DRCK/Dbg_Clk_31 | ShiyanPingtai_i/microblaze_0/U0/MicroBlaze_Core_I/Performance.Core/Use_Debug_Logic.Master_Core.Debug_Perf/Using_PC_Breakpoints.All_PC_Brks[3].Serial_Interface_1.address_hit_I/Compare[0].SRLC16E_I/which_pc[0] |                                                                                                                                                            |                7 |              8 |
|  ShiyanPingtai_i/clk_wiz_1/inst/clk_out1                         | ShiyanPingtai_i/axi_uartlite_0/U0/AXI_LITE_IPIF_I/I_SLAVE_ATTACHMENT/s_axi_rresp_i                                                                                                                              | ShiyanPingtai_i/axi_uartlite_0/U0/AXI_LITE_IPIF_I/I_SLAVE_ATTACHMENT/rst                                                                                   |                2 |              8 |
|  ShiyanPingtai_i/clk_wiz_1/inst/clk_out1                         | ShiyanPingtai_i/axi_gpio_0/U0/AXI_LITE_IPIF_I/I_SLAVE_ATTACHMENT/I_DECODER/Dual.gpio2_Data_Out_reg[0][0]                                                                                                        | ShiyanPingtai_i/axi_gpio_0/U0/bus2ip_reset                                                                                                                 |                1 |              8 |
|  ShiyanPingtai_i/clk_wiz_1/inst/clk_out1                         | ShiyanPingtai_i/axi_gpio_0/U0/AXI_LITE_IPIF_I/I_SLAVE_ATTACHMENT/I_DECODER/Dual.gpio2_OE_reg[0][0]                                                                                                              | ShiyanPingtai_i/axi_gpio_0/U0/bus2ip_reset                                                                                                                 |                2 |              8 |
|  ShiyanPingtai_i/clk_wiz_1/inst/clk_out1                         | ShiyanPingtai_i/axi_gpio_0/U0/AXI_LITE_IPIF_I/I_SLAVE_ATTACHMENT/bus2ip_addr_i[8]_i_1_n_0                                                                                                                       | ShiyanPingtai_i/axi_gpio_0/U0/bus2ip_reset                                                                                                                 |                1 |              8 |
|  ShiyanPingtai_i/clk_wiz_1/inst/clk_out1                         | ShiyanPingtai_i/axi_uartlite_0/U0/UARTLITE_CORE_I/UARTLITE_RX_I/SRL_FIFO_I/I_SRL_FIFO_RBU_F/DYNSHREG_F_I/fifo_wr                                                                                                |                                                                                                                                                            |                1 |              8 |
| ~ShiyanPingtai_i/mdm_1/U0/Use_E2.BSCAN_I/Ext_JTAG_UPDATE         | ShiyanPingtai_i/mdm_1/U0/MDM_Core_I1/JTAG_CONTROL_I/Use_BSCAN.command[0]_i_1_n_0                                                                                                                                |                                                                                                                                                            |                2 |              8 |
|  ShiyanPingtai_i/clk_wiz_1/inst/clk_out1                         |                                                                                                                                                                                                                 | ShiyanPingtai_i/axi_uartlite_0/U0/AXI_LITE_IPIF_I/I_SLAVE_ATTACHMENT/rst                                                                                   |                4 |             10 |
|  ShiyanPingtai_i/mdm_1/U0/No_Dbg_Reg_Access.BUFG_DRCK/Dbg_Clk_31 | ShiyanPingtai_i/mdm_1/U0/MDM_Core_I1/JTAG_CONTROL_I/Use_BSCAN.FDC_I/E[0]                                                                                                                                        |                                                                                                                                                            |                4 |             10 |
|  ShiyanPingtai_i/clk_wiz_1/inst/clk_out1                         |                                                                                                                                                                                                                 | ShiyanPingtai_i/microblaze_0_axi_periph/xbar/inst/gen_sasd.crossbar_sasd_0/addr_arbiter_inst/SR[0]                                                         |                3 |             11 |
|  ShiyanPingtai_i/clk_wiz_1/inst/clk_out1                         | ShiyanPingtai_i/axi_gpio_0/U0/AXI_LITE_IPIF_I/I_SLAVE_ATTACHMENT/I_DECODER/Dual.gpio_OE_reg[0][0]                                                                                                               | ShiyanPingtai_i/axi_gpio_0/U0/bus2ip_reset                                                                                                                 |                3 |             16 |
|  ShiyanPingtai_i/clk_wiz_1/inst/clk_out1                         | ShiyanPingtai_i/microblaze_0/U0/MicroBlaze_Core_I/Performance.Core/Decode_I/PreFetch_Buffer_I1/OF_Valid_DFF/E[0]                                                                                                | ShiyanPingtai_i/microblaze_0/U0/MicroBlaze_Core_I/sync_reset                                                                                               |                5 |             16 |
|  ShiyanPingtai_i/clk_wiz_1/inst/clk_out1                         | ShiyanPingtai_i/axi_gpio_0/U0/AXI_LITE_IPIF_I/I_SLAVE_ATTACHMENT/s_axi_rresp_i                                                                                                                                  | ShiyanPingtai_i/axi_gpio_0/U0/bus2ip_reset                                                                                                                 |                5 |             18 |
|  ShiyanPingtai_i/clk_wiz_1/inst/clk_out1                         | ShiyanPingtai_i/axi_gpio_0/U0/AXI_LITE_IPIF_I/I_SLAVE_ATTACHMENT/start2                                                                                                                                         | ShiyanPingtai_i/axi_gpio_0/U0/AXI_LITE_IPIF_I/I_SLAVE_ATTACHMENT/I_DECODER/cs_ce_clr                                                                       |                4 |             21 |
|  ShiyanPingtai_i/mdm_1/U0/No_Dbg_Reg_Access.BUFG_DRCK/Dbg_Clk_31 |                                                                                                                                                                                                                 | ShiyanPingtai_i/mdm_1/U0/Use_E2.BSCAN_I/shift_n_reset                                                                                                      |                5 |             23 |
|  ShiyanPingtai_i/clk_wiz_1/inst/clk_out1                         | ShiyanPingtai_i/microblaze_0_axi_periph/xbar/inst/gen_sasd.crossbar_sasd_0/addr_arbiter_inst/p_0_in1_in                                                                                                         | ShiyanPingtai_i/microblaze_0_axi_periph/xbar/inst/gen_sasd.crossbar_sasd_0/addr_arbiter_inst/SR[0]                                                         |                6 |             23 |
|  ShiyanPingtai_i/clk_wiz_1/inst/clk_out1                         | ShiyanPingtai_i/microblaze_0/U0/MicroBlaze_Core_I/Performance.Core/mem_databus_ready_sel_carry_or/MUXCY_I/lopt_4                                                                                                | ShiyanPingtai_i/microblaze_0/U0/MicroBlaze_Core_I/sync_reset                                                                                               |                8 |             23 |
|  ShiyanPingtai_i/clk_wiz_1/inst/clk_out1                         |                                                                                                                                                                                                                 | ShiyanPingtai_i/axi_uartlite_0/U0/UARTLITE_CORE_I/UARTLITE_RX_I/SR[0]                                                                                      |                8 |             26 |
|  ShiyanPingtai_i/clk_wiz_1/inst/clk_out1                         | ShiyanPingtai_i/axi_uartlite_0/U0/UARTLITE_CORE_I/BAUD_RATE_I/en_16x_Baud                                                                                                                                       | ShiyanPingtai_i/axi_uartlite_0/U0/UARTLITE_CORE_I/UARTLITE_RX_I/SR[0]                                                                                      |                6 |             28 |
|  ShiyanPingtai_i/clk_wiz_1/inst/clk_out1                         |                                                                                                                                                                                                                 | ShiyanPingtai_i/microblaze_0/U0/MicroBlaze_Core_I/Performance.Core/p_1_out                                                                                 |               15 |             32 |
|  ShiyanPingtai_i/clk_wiz_1/inst/clk_out1                         |                                                                                                                                                                                                                 | ShiyanPingtai_i/axi_gpio_0/U0/gpio_core_1/Read_Reg_Rst                                                                                                     |               10 |             32 |
|  ShiyanPingtai_i/clk_wiz_1/inst/clk_out1                         | ShiyanPingtai_i/microblaze_0/U0/MicroBlaze_Core_I/Performance.Core/mem_databus_ready_sel_carry_or/MUXCY_I/lopt_4                                                                                                | ShiyanPingtai_i/microblaze_0/U0/MicroBlaze_Core_I/Performance.Core/Decode_I/SR[0]                                                                          |                9 |             32 |
|  ShiyanPingtai_i/clk_wiz_1/inst/clk_out1                         | ShiyanPingtai_i/microblaze_0/U0/MicroBlaze_Core_I/Performance.Core/Decode_I/Use_MuxCy[3].OF_Piperun_Stage/MUXCY_I/E[0]                                                                                          | ShiyanPingtai_i/microblaze_0/U0/MicroBlaze_Core_I/sync_reset                                                                                               |                5 |             32 |
|  ShiyanPingtai_i/mdm_1/U0/No_Dbg_Reg_Access.BUFG_DRCK/Dbg_Clk_31 | ShiyanPingtai_i/microblaze_0/U0/MicroBlaze_Core_I/Performance.Core/Use_Debug_Logic.Master_Core.Debug_Perf/New_Dbg_Instr_TCK                                                                                     |                                                                                                                                                            |               11 |             32 |
|  ShiyanPingtai_i/clk_wiz_1/inst/clk_out1                         | ShiyanPingtai_i/microblaze_0/U0/MicroBlaze_Core_I/Performance.Core/Use_Debug_Logic.Master_Core.Debug_Perf/data_rd_reg[0]_i_1_n_0                                                                                | ShiyanPingtai_i/microblaze_0/U0/MicroBlaze_Core_I/sync_reset                                                                                               |               10 |             32 |
|  ShiyanPingtai_i/clk_wiz_1/inst/clk_out1                         | ShiyanPingtai_i/microblaze_0/U0/MicroBlaze_Core_I/Performance.Core/mem_databus_ready_sel_carry_or/MUXCY_I/lopt_4                                                                                                |                                                                                                                                                            |                8 |             32 |
|  ShiyanPingtai_i/clk_wiz_1/inst/clk_out1                         | ShiyanPingtai_i/microblaze_0_axi_periph/xbar/inst/gen_sasd.crossbar_sasd_0/reg_slice_r/aa_rready                                                                                                                |                                                                                                                                                            |               13 |             32 |
|  ShiyanPingtai_i/clk_wiz_1/inst/clk_out1                         | ShiyanPingtai_i/microblaze_0_axi_periph/xbar/inst/gen_sasd.crossbar_sasd_0/reg_slice_r/s_axi_rvalid[0]                                                                                                          | ShiyanPingtai_i/microblaze_0/U0/MicroBlaze_Core_I/sync_reset                                                                                               |               12 |             32 |
|  ShiyanPingtai_i/clk_wiz_1/inst/clk_out1                         | ShiyanPingtai_i/microblaze_0/U0/MicroBlaze_Core_I/Performance.Core/Decode_I/Use_MuxCy[2].OF_Piperun_Stage/MUXCY_I/lopt_1                                                                                        | ShiyanPingtai_i/microblaze_0/U0/MicroBlaze_Core_I/Performance.Core/Decode_I/R                                                                              |               14 |             32 |
|  ShiyanPingtai_i/clk_wiz_1/inst/clk_out1                         | ShiyanPingtai_i/microblaze_0/U0/MicroBlaze_Core_I/Performance.Core/Decode_I/jump_logic_I1/MUXCY_JUMP_CARRY6/if_pc_reg[0][0]                                                                                     | ShiyanPingtai_i/microblaze_0/U0/MicroBlaze_Core_I/sync_reset                                                                                               |                8 |             32 |
|  ShiyanPingtai_i/clk_wiz_1/inst/clk_out1                         | ShiyanPingtai_i/microblaze_0_axi_periph/xbar/inst/gen_sasd.crossbar_sasd_0/addr_arbiter_inst/E[0]                                                                                                               |                                                                                                                                                            |               10 |             33 |
|  ShiyanPingtai_i/mdm_1/U0/No_Dbg_Reg_Access.BUFG_DRCK/Dbg_Clk_31 | ShiyanPingtai_i/mdm_1/U0/Use_E2.BSCAN_I/Dbg_Capture_0                                                                                                                                                           |                                                                                                                                                            |               16 |             50 |
|  ShiyanPingtai_i/clk_wiz_1/inst/clk_out1                         | ShiyanPingtai_i/microblaze_0/U0/MicroBlaze_Core_I/Performance.Core/Decode_I/Use_MuxCy[2].OF_Piperun_Stage/MUXCY_I/lopt_1                                                                                        | ShiyanPingtai_i/microblaze_0/U0/MicroBlaze_Core_I/sync_reset                                                                                               |               28 |             67 |
|  ShiyanPingtai_i/clk_wiz_1/inst/clk_out1                         | ShiyanPingtai_i/microblaze_0/U0/MicroBlaze_Core_I/Performance.Core/Use_Debug_Logic.Master_Core.Debug_Perf/IReady_0                                                                                              |                                                                                                                                                            |               11 |             75 |
|  ShiyanPingtai_i/clk_wiz_1/inst/clk_out1                         |                                                                                                                                                                                                                 | ShiyanPingtai_i/axi_gpio_0/U0/bus2ip_reset                                                                                                                 |               26 |             76 |
|  ShiyanPingtai_i/mdm_1/U0/No_Dbg_Reg_Access.BUFG_DRCK/Dbg_Clk_31 |                                                                                                                                                                                                                 |                                                                                                                                                            |               33 |             83 |
|  ShiyanPingtai_i/clk_wiz_1/inst/clk_out1                         | ShiyanPingtai_i/microblaze_0/U0/MicroBlaze_Core_I/Performance.Core/Decode_I/mb_halted_1_reg[32]                                                                                                                 |                                                                                                                                                            |               16 |            128 |
|  ShiyanPingtai_i/clk_wiz_1/inst/clk_out1                         |                                                                                                                                                                                                                 | ShiyanPingtai_i/microblaze_0/U0/MicroBlaze_Core_I/sync_reset                                                                                               |               74 |            148 |
|  ShiyanPingtai_i/clk_wiz_1/inst/clk_out1                         | ShiyanPingtai_i/microblaze_0/U0/MicroBlaze_Core_I/Performance.Core/Decode_I/Use_MuxCy[10].OF_Piperun_Stage/MUXCY_I/lopt_1                                                                                       | ShiyanPingtai_i/microblaze_0/U0/MicroBlaze_Core_I/sync_reset                                                                                               |              101 |            222 |
|  ShiyanPingtai_i/clk_wiz_1/inst/clk_out1                         |                                                                                                                                                                                                                 |                                                                                                                                                            |               77 |            238 |
+------------------------------------------------------------------+-----------------------------------------------------------------------------------------------------------------------------------------------------------------------------------------------------------------+------------------------------------------------------------------------------------------------------------------------------------------------------------+------------------+----------------+


